# JRE version: OpenJDK Runtime Environment (7.0_79-b14) (build 1.7.0_79-b14)
# Java VM: OpenJDK 64-Bit Server VM (24.79-b02 mixed mode linux-amd64 compressed oops)
Heap
 PSYoungGen      total 249856K, used 213787K [0x00000000e1700000, 0x00000000f4780000, 0x0000000100000000)
  eden space 247808K, 85% used [0x00000000e1700000,0x00000000ee5d5a08,0x00000000f0900000)
  from space 2048K, 97% used [0x00000000f4580000,0x00000000f4771340,0x00000000f4780000)
  to   space 14848K, 0% used [0x00000000f2a80000,0x00000000f2a80000,0x00000000f3900000)
 ParOldGen       total 96256K, used 53778K [0x00000000a4600000, 0x00000000aa400000, 0x00000000e1700000)
  object space 96256K, 55% used [0x00000000a4600000,0x00000000a7a848a0,0x00000000aa400000)
 PSPermGen       total 74240K, used 37834K [0x000000009a000000, 0x000000009e880000, 0x00000000a4600000)
  object space 74240K, 50% used [0x000000009a000000,0x000000009c4f2aa8,0x000000009e880000)
GC Heap History (10 events):
Event: 19.211 GC heap before
{Heap before GC invocations=13 (full 0):
 PSYoungGen      total 131072K, used 117215K [0x00000000e1700000, 0x00000000ea800000, 0x0000000100000000)
  eden space 115200K, 100% used [0x00000000e1700000,0x00000000e8780000,0x00000000e8780000)
  from space 15872K, 12% used [0x00000000e9780000,0x00000000e9977c00,0x00000000ea700000)
  to   space 16384K, 0% used [0x00000000e8780000,0x00000000e8780000,0x00000000e9780000)
 ParOldGen       total 62464K, used 46973K [0x00000000a4600000, 0x00000000a8300000, 0x00000000e1700000)
  object space 62464K, 75% used [0x00000000a4600000,0x00000000a73df760,0x00000000a8300000)
 PSPermGen       total 36352K, used 36147K [0x000000009a000000, 0x000000009c380000, 0x00000000a4600000)
  object space 36352K, 99% used [0x000000009a000000,0x000000009c34ced0,0x000000009c380000)
Event: 19.224 GC heap after
Heap after GC invocations=13 (full 0):
 PSYoungGen      total 131584K, used 2782K [0x00000000e1700000, 0x00000000eea00000, 0x0000000100000000)
  eden space 115200K, 0% used [0x00000000e1700000,0x00000000e1700000,0x00000000e8780000)
  from space 16384K, 16% used [0x00000000e8780000,0x00000000e8a37800,0x00000000e9780000)
  to   space 15872K, 0% used [0x00000000eda80000,0x00000000eda80000,0x00000000eea00000)
 ParOldGen       total 62464K, used 48570K [0x00000000a4600000, 0x00000000a8300000, 0x00000000e1700000)
  object space 62464K, 77% used [0x00000000a4600000,0x00000000a756ebf0,0x00000000a8300000)
 PSPermGen       total 36352K, used 36147K [0x000000009a000000, 0x000000009c380000, 0x00000000a4600000)
  object space 36352K, 99% used [0x000000009a000000,0x000000009c34ced0,0x000000009c380000)
}
Event: 20.600 GC heap before
{Heap before GC invocations=14 (full 0):
 PSYoungGen      total 131584K, used 117982K [0x00000000e1700000, 0x00000000eea00000, 0x0000000100000000)
  eden space 115200K, 100% used [0x00000000e1700000,0x00000000e8780000,0x00000000e8780000)
  from space 16384K, 16% used [0x00000000e8780000,0x00000000e8a37800,0x00000000e9780000)
  to   space 15872K, 0% used [0x00000000eda80000,0x00000000eda80000,0x00000000eea00000)
 ParOldGen       total 62464K, used 48570K [0x00000000a4600000, 0x00000000a8300000, 0x00000000e1700000)
  object space 62464K, 77% used [0x00000000a4600000,0x00000000a756ebf0,0x00000000a8300000)
 PSPermGen       total 36864K, used 36679K [0x000000009a000000, 0x000000009c400000, 0x00000000a4600000)
  object space 36864K, 99% used [0x000000009a000000,0x000000009c3d1f38,0x000000009c400000)
Event: 20.618 GC heap after
Heap after GC invocations=14 (full 0):
 PSYoungGen      total 200192K, used 3630K [0x00000000e1700000, 0x00000000eea00000, 0x0000000100000000)
  eden space 184320K, 0% used [0x00000000e1700000,0x00000000e1700000,0x00000000ecb00000)
  from space 15872K, 22% used [0x00000000eda80000,0x00000000ede0b810,0x00000000eea00000)
  to   space 15872K, 0% used [0x00000000ecb00000,0x00000000ecb00000,0x00000000eda80000)
 ParOldGen       total 62464K, used 50925K [0x00000000a4600000, 0x00000000a8300000, 0x00000000e1700000)
  object space 62464K, 81% used [0x00000000a4600000,0x00000000a77bb6e0,0x00000000a8300000)
 PSPermGen       total 36864K, used 36679K [0x000000009a000000, 0x000000009c400000, 0x00000000a4600000)
  object space 36864K, 99% used [0x000000009a000000,0x000000009c3d1f38,0x000000009c400000)
}
Event: 22.358 GC heap before
{Heap before GC invocations=15 (full 0):
 PSYoungGen      total 200192K, used 187950K [0x00000000e1700000, 0x00000000eea00000, 0x0000000100000000)
  eden space 184320K, 100% used [0x00000000e1700000,0x00000000ecb00000,0x00000000ecb00000)
  from space 15872K, 22% used [0x00000000eda80000,0x00000000ede0b810,0x00000000eea00000)
  to   space 15872K, 0% used [0x00000000ecb00000,0x00000000ecb00000,0x00000000eda80000)
 ParOldGen       total 62464K, used 50925K [0x00000000a4600000, 0x00000000a8300000, 0x00000000e1700000)
  object space 62464K, 81% used [0x00000000a4600000,0x00000000a77bb6e0,0x00000000a8300000)
 PSPermGen       total 37376K, used 37029K [0x000000009a000000, 0x000000009c480000, 0x00000000a4600000)
  object space 37376K, 99% used [0x000000009a000000,0x000000009c4296d8,0x000000009c480000)
Event: 22.369 GC heap after
Heap after GC invocations=15 (full 0):
 PSYoungGen      total 200192K, used 4711K [0x00000000e1700000, 0x00000000f5400000, 0x0000000100000000)
  eden space 184320K, 0% used [0x00000000e1700000,0x00000000e1700000,0x00000000ecb00000)
  from space 15872K, 29% used [0x00000000ecb00000,0x00000000ecf99d00,0x00000000eda80000)
  to   space 14848K, 0% used [0x00000000f4580000,0x00000000f4580000,0x00000000f5400000)
 ParOldGen       total 62464K, used 53581K [0x00000000a4600000, 0x00000000a8300000, 0x00000000e1700000)
  object space 62464K, 85% used [0x00000000a4600000,0x00000000a7a537e8,0x00000000a8300000)
 PSPermGen       total 37376K, used 37029K [0x000000009a000000, 0x000000009c480000, 0x00000000a4600000)
  object space 37376K, 99% used [0x000000009a000000,0x000000009c4296d8,0x000000009c480000)
}
Event: 22.369 GC heap before
{Heap before GC invocations=16 (full 1):
 PSYoungGen      total 200192K, used 4711K [0x00000000e1700000, 0x00000000f5400000, 0x0000000100000000)
  eden space 184320K, 0% used [0x00000000e1700000,0x00000000e1700000,0x00000000ecb00000)
  from space 15872K, 29% used [0x00000000ecb00000,0x00000000ecf99d00,0x00000000eda80000)
  to   space 14848K, 0% used [0x00000000f4580000,0x00000000f4580000,0x00000000f5400000)
 ParOldGen       total 62464K, used 53581K [0x00000000a4600000, 0x00000000a8300000, 0x00000000e1700000)
  object space 62464K, 85% used [0x00000000a4600000,0x00000000a7a537e8,0x00000000a8300000)
 PSPermGen       total 37376K, used 37029K [0x000000009a000000, 0x000000009c480000, 0x00000000a4600000)
  object space 37376K, 99% used [0x000000009a000000,0x000000009c4296d8,0x000000009c480000)
Event: 22.729 GC heap after
Heap after GC invocations=16 (full 1):
 PSYoungGen      total 200192K, used 0K [0x00000000e1700000, 0x00000000f5400000, 0x0000000100000000)
  eden space 184320K, 0% used [0x00000000e1700000,0x00000000e1700000,0x00000000ecb00000)
  from space 15872K, 0% used [0x00000000ecb00000,0x00000000ecb00000,0x00000000eda80000)
  to   space 14848K, 0% used [0x00000000f4580000,0x00000000f4580000,0x00000000f5400000)
 ParOldGen       total 96256K, used 53778K [0x00000000a4600000, 0x00000000aa400000, 0x00000000e1700000)
  object space 96256K, 55% used [0x00000000a4600000,0x00000000a7a848a0,0x00000000aa400000)
 PSPermGen       total 74240K, used 36988K [0x000000009a000000, 0x000000009e880000, 0x00000000a4600000)
  object space 74240K, 49% used [0x000000009a000000,0x000000009c41f030,0x000000009e880000)
}
Event: 23.252 GC heap before
{Heap before GC invocations=17 (full 1):
 PSYoungGen      total 200192K, used 184320K [0x00000000e1700000, 0x00000000f5400000, 0x0000000100000000)
  eden space 184320K, 100% used [0x00000000e1700000,0x00000000ecb00000,0x00000000ecb00000)
  from space 15872K, 0% used [0x00000000ecb00000,0x00000000ecb00000,0x00000000eda80000)
  to   space 14848K, 0% used [0x00000000f4580000,0x00000000f4580000,0x00000000f5400000)
 ParOldGen       total 96256K, used 53778K [0x00000000a4600000, 0x00000000aa400000, 0x00000000e1700000)
  object space 96256K, 55% used [0x00000000a4600000,0x00000000a7a848a0,0x00000000aa400000)
 PSPermGen       total 74240K, used 37093K [0x000000009a000000, 0x000000009e880000, 0x00000000a4600000)
  object space 74240K, 49% used [0x000000009a000000,0x000000009c439780,0x000000009e880000)
Event: 23.255 GC heap after
Heap after GC invocations=17 (full 1):
 PSYoungGen      total 249856K, used 1988K [0x00000000e1700000, 0x00000000f4780000, 0x0000000100000000)
  eden space 247808K, 0% used [0x00000000e1700000,0x00000000e1700000,0x00000000f0900000)
  from space 2048K, 97% used [0x00000000f4580000,0x00000000f4771340,0x00000000f4780000)
  to   space 14848K, 0% used [0x00000000f2a80000,0x00000000f2a80000,0x00000000f3900000)
 ParOldGen       total 96256K, used 53778K [0x00000000a4600000, 0x00000000aa400000, 0x00000000e1700000)
  object space 96256K, 55% used [0x00000000a4600000,0x00000000a7a848a0,0x00000000aa400000)
 PSPermGen       total 74240K, used 37093K [0x000000009a000000, 0x000000009e880000, 0x00000000a4600000)
  object space 74240K, 49% used [0x000000009a000000,0x000000009c439780,0x000000009e880000)
}

